#
# There is insufficient memory for the Java Runtime Environment to continue.
# Native memory allocation (malloc) failed to allocate 2102576 bytes for Chunk::new
# Possible reasons:
#   The system is out of physical RAM or swap space
#   The process is running with CompressedOops enabled, and the Java Heap may be blocking the growth of the native heap
# Possible solutions:
#   Reduce memory load on the system
#   Increase physical memory or swap space
#   Check if swap backing store is full
#   Decrease Java heap size (-Xmx/-Xms)
#   Decrease number of Java threads
#   Decrease Java thread stack sizes (-Xss)
#   Set larger code cache with -XX:ReservedCodeCacheSize=
#   JVM is running with Unscaled Compressed Oops mode in which the Java heap is
#     placed in the first 4GB address space. The Java Heap base address is the
#     maximum limit for the native heap growth. Please use -XX:HeapBaseMinAddress
#     to set the Java Heap base and to place the Java Heap above 4GB virtual address.
# This output file may be truncated or incomplete.
#
#  Out of Memory Error (./open/src/hotspot/share/memory/arena.cpp:197), pid=21200, tid=42140
#
# JRE version: Java(TM) SE Runtime Environment 18.9 (11.0.11+9) (build 11.0.11+9-LTS-194)
# Java VM: Java HotSpot(TM) 64-Bit Server VM 18.9 (11.0.11+9-LTS-194, mixed mode, tiered, compressed oops, g1 gc, windows-amd64)
# No core dump will be written. Minidumps are not enabled by default on client versions of Windows
#

---------------  S U M M A R Y ------------

Command Line: -javaagent:C:\Program Files\JetBrains\IntelliJ IDEA Community Edition 2021.2\lib\idea_rt.jar=58487:C:\Program Files\JetBrains\IntelliJ IDEA Community Edition 2021.2\bin -Dfile.encoding=UTF-8 com.delta.document.DocumentServiceApplicationKt

Host: 11th Gen Intel(R) Core(TM) i5-1135G7 @ 2.40GHz, 8 cores, 7G,  Windows 10 , 64 bit Build 19041 (10.0.19041.1202)
Time: Thu Sep 30 12:07:22 2021 India Standard Time elapsed time: 49483.463588 seconds (0d 13h 44m 43s)

---------------  T H R E A D  ---------------

Current thread (0x0000018a3a312000):  JavaThread "C2 CompilerThread0" daemon [_thread_in_native, id=42140, stack(0x00000037dbd00000,0x00000037dbe00000)]


Current CompileTask:
C2:49483464 13810   !   4       org.springframework.expression.spel.ast.PropertyOrFieldReference::getValueInternal (327 bytes)

Stack: [0x00000037dbd00000,0x00000037dbe00000]
Native frames: (J=compiled Java code, j=interpreted, Vv=VM code, C=native code)
V  [jvm.dll+0x616f2a]
V  [jvm.dll+0x74de7f]
V  [jvm.dll+0x74f505]
V  [jvm.dll+0x74fb83]
V  [jvm.dll+0x2436d8]
V  [jvm.dll+0xba68c]
V  [jvm.dll+0xbad8c]
V  [jvm.dll+0x3462b7]
V  [jvm.dll+0x193fc1]
V  [jvm.dll+0x1fd152]
V  [jvm.dll+0x1fc22f]
V  [jvm.dll+0x17f0bc]
V  [jvm.dll+0x20b68c]
V  [jvm.dll+0x20978b]
V  [jvm.dll+0x7152c9]
V  [jvm.dll+0x70dfc4]
V  [jvm.dll+0x6160f6]
C  [ucrtbase.dll+0x21bb2]
C  [KERNEL32.DLL+0x17034]
C  [ntdll.dll+0x52651]


---------------  P R O C E S S  ---------------

Threads class SMR info:
_java_thread_list=0x0000018a415b8050, length=37, elements={
0x0000018a3a2f6800, 0x0000018a3a2f8000, 0x0000018a3ac62800, 0x0000018a3a310800,
0x0000018a3a312000, 0x0000018a3a318000, 0x0000018a3a31c800, 0x0000018a3a28b800,
0x0000018a3b119000, 0x0000018a3b11a000, 0x0000018a416d4000, 0x0000018a40faa800,
0x0000018a42d54800, 0x0000018a42afe000, 0x0000018a410fa800, 0x0000018a3b017000,
0x0000018a3db4c000, 0x0000018a3e6ae000, 0x0000018a43f32800, 0x0000018a40dcf800,
0x0000018a3db4a000, 0x0000018a415fb800, 0x0000018a438bc800, 0x0000018a438bf000,
0x0000018a438bd800, 0x0000018a438be000, 0x0000018a438bf800, 0x0000018a438c0800,
0x0000018a438c1800, 0x0000018a3df70800, 0x0000018a3df73800, 0x0000018a3df72000,
0x0000018a3df73000, 0x0000018a3df71800, 0x0000018a3df6f800, 0x0000018a3df6e000,
0x0000018a3df74800
}

Java Threads: ( => current thread )
  0x0000018a3a2f6800 JavaThread "Reference Handler" daemon [_thread_blocked, id=36032, stack(0x00000037db900000,0x00000037dba00000)]
  0x0000018a3a2f8000 JavaThread "Finalizer" daemon [_thread_blocked, id=12252, stack(0x00000037dba00000,0x00000037dbb00000)]
  0x0000018a3ac62800 JavaThread "Signal Dispatcher" daemon [_thread_blocked, id=24148, stack(0x00000037dbb00000,0x00000037dbc00000)]
  0x0000018a3a310800 JavaThread "Attach Listener" daemon [_thread_blocked, id=29548, stack(0x00000037dbc00000,0x00000037dbd00000)]
=>0x0000018a3a312000 JavaThread "C2 CompilerThread0" daemon [_thread_in_native, id=42140, stack(0x00000037dbd00000,0x00000037dbe00000)]
  0x0000018a3a318000 JavaThread "C1 CompilerThread0" daemon [_thread_blocked, id=30416, stack(0x00000037dbe00000,0x00000037dbf00000)]
  0x0000018a3a31c800 JavaThread "Sweeper thread" daemon [_thread_blocked, id=41384, stack(0x00000037dbf00000,0x00000037dc000000)]
  0x0000018a3a28b800 JavaThread "Common-Cleaner" daemon [_thread_blocked, id=40296, stack(0x00000037dc000000,0x00000037dc100000)]
  0x0000018a3b119000 JavaThread "Monitor Ctrl-Break" daemon [_thread_in_native, id=42384, stack(0x00000037dc200000,0x00000037dc300000)]
  0x0000018a3b11a000 JavaThread "Service Thread" daemon [_thread_blocked, id=12304, stack(0x00000037dc300000,0x00000037dc400000)]
  0x0000018a416d4000 JavaThread "mysql-cj-abandoned-connection-cleanup" daemon [_thread_blocked, id=2524, stack(0x00000037dcc00000,0x00000037dcd00000)]
  0x0000018a40faa800 JavaThread "HikariPool-1 housekeeper" daemon [_thread_blocked, id=21048, stack(0x00000037dd200000,0x00000037dd300000)]
  0x0000018a42d54800 JavaThread "Thread-4" daemon [_thread_in_native, id=38900, stack(0x00000037dd000000,0x00000037dd100000)]
  0x0000018a42afe000 JavaThread "cluster-ClusterId{value='615499eb853c9046ea4ca5d3', description='null'}-cluster0-shard-00-02.crdti.mongodb.net:27017" daemon [_thread_in_native, id=21336, stack(0x00000037dd500000,0x00000037dd600000)]
  0x0000018a410fa800 JavaThread "cluster-rtt-ClusterId{value='615499eb853c9046ea4ca5d3', description='null'}-cluster0-shard-00-02.crdti.mongodb.net:27017" daemon [_thread_blocked, id=34864, stack(0x00000037dd600000,0x00000037dd700000)]
  0x0000018a3b017000 JavaThread "cluster-ClusterId{value='615499eb853c9046ea4ca5d3', description='null'}-cluster0-shard-00-00.crdti.mongodb.net:27017" daemon [_thread_in_native, id=23080, stack(0x00000037dd700000,0x00000037dd800000)]
  0x0000018a3db4c000 JavaThread "cluster-rtt-ClusterId{value='615499eb853c9046ea4ca5d3', description='null'}-cluster0-shard-00-00.crdti.mongodb.net:27017" daemon [_thread_blocked, id=26184, stack(0x00000037dd800000,0x00000037dd900000)]
  0x0000018a3e6ae000 JavaThread "cluster-ClusterId{value='615499eb853c9046ea4ca5d3', description='null'}-cluster0-shard-00-01.crdti.mongodb.net:27017" daemon [_thread_in_native, id=28432, stack(0x00000037dd900000,0x00000037dda00000)]
  0x0000018a43f32800 JavaThread "cluster-rtt-ClusterId{value='615499eb853c9046ea4ca5d3', description='null'}-cluster0-shard-00-01.crdti.mongodb.net:27017" daemon [_thread_blocked, id=28928, stack(0x00000037dda00000,0x00000037ddb00000)]
  0x0000018a40dcf800 JavaThread "Catalina-utility-1" [_thread_blocked, id=40648, stack(0x00000037ddb00000,0x00000037ddc00000)]
  0x0000018a3db4a000 JavaThread "Catalina-utility-2" [_thread_blocked, id=1432, stack(0x00000037ddc00000,0x00000037ddd00000)]
  0x0000018a415fb800 JavaThread "container-0" [_thread_blocked, id=476, stack(0x00000037ddd00000,0x00000037dde00000)]
  0x0000018a438bc800 JavaThread "java-sdk-http-connection-reaper" daemon [_thread_blocked, id=29332, stack(0x00000037dd300000,0x00000037dd400000)]
  0x0000018a438bf000 JavaThread "File Watcher" daemon [_thread_blocked, id=31416, stack(0x00000037dde00000,0x00000037ddf00000)]
  0x0000018a438bd800 JavaThread "http-nio-8083-Poller" daemon [_thread_in_native, id=37176, stack(0x00000037ddf00000,0x00000037de000000)]
  0x0000018a438be000 JavaThread "http-nio-8083-Acceptor" daemon [_thread_in_native, id=33156, stack(0x00000037de000000,0x00000037de100000)]
  0x0000018a438bf800 JavaThread "DestroyJavaVM" [_thread_blocked, id=41472, stack(0x00000037db200000,0x00000037db300000)]
  0x0000018a438c0800 JavaThread "http-nio-8083-exec-1" daemon [_thread_blocked, id=44108, stack(0x00000037db100000,0x00000037db200000)]
  0x0000018a438c1800 JavaThread "http-nio-8083-exec-2" daemon [_thread_blocked, id=41660, stack(0x00000037dc100000,0x00000037dc200000)]
  0x0000018a3df70800 JavaThread "http-nio-8083-exec-3" daemon [_thread_blocked, id=41900, stack(0x00000037dc700000,0x00000037dc800000)]
  0x0000018a3df73800 JavaThread "http-nio-8083-exec-4" daemon [_thread_blocked, id=41800, stack(0x00000037dd100000,0x00000037dd200000)]
  0x0000018a3df72000 JavaThread "http-nio-8083-exec-5" daemon [_thread_blocked, id=47592, stack(0x00000037dd400000,0x00000037dd500000)]
  0x0000018a3df73000 JavaThread "http-nio-8083-exec-6" daemon [_thread_blocked, id=25760, stack(0x00000037de100000,0x00000037de200000)]
  0x0000018a3df71800 JavaThread "http-nio-8083-exec-7" daemon [_thread_blocked, id=2820, stack(0x00000037de200000,0x00000037de300000)]
  0x0000018a3df6f800 JavaThread "http-nio-8083-exec-8" daemon [_thread_blocked, id=47332, stack(0x00000037de300000,0x00000037de400000)]
  0x0000018a3df6e000 JavaThread "http-nio-8083-exec-9" daemon [_thread_blocked, id=25928, stack(0x00000037de400000,0x00000037de500000)]
  0x0000018a3df74800 JavaThread "http-nio-8083-exec-10" daemon [_thread_blocked, id=40944, stack(0x00000037de500000,0x00000037de600000)]

Other Threads:
  0x0000018a3a2f5000 VMThread "VM Thread" [stack: 0x00000037db800000,0x00000037db900000] [id=17280]
  0x0000018a3b48c800 WatcherThread [stack: 0x00000037dc400000,0x00000037dc500000] [id=17544]
  0x0000018a1b751800 GCTaskThread "GC Thread#0" [stack: 0x00000037db300000,0x00000037db400000] [id=20904]
  0x0000018a3bc75000 GCTaskThread "GC Thread#1" [stack: 0x00000037dc500000,0x00000037dc600000] [id=30896]
  0x0000018a3bdaf800 GCTaskThread "GC Thread#2" [stack: 0x00000037dc800000,0x00000037dc900000] [id=34416]
  0x0000018a3bd9d800 GCTaskThread "GC Thread#3" [stack: 0x00000037dc900000,0x00000037dca00000] [id=12752]
  0x0000018a3be0c800 GCTaskThread "GC Thread#4" [stack: 0x00000037dca00000,0x00000037dcb00000] [id=42952]
  0x0000018a3bb34000 GCTaskThread "GC Thread#5" [stack: 0x00000037dcb00000,0x00000037dcc00000] [id=19816]
  0x0000018a3c115800 GCTaskThread "GC Thread#6" [stack: 0x00000037dcd00000,0x00000037dce00000] [id=34264]
  0x0000018a3c635000 GCTaskThread "GC Thread#7" [stack: 0x00000037dce00000,0x00000037dcf00000] [id=39048]
  0x0000018a1b782000 ConcurrentGCThread "G1 Main Marker" [stack: 0x00000037db400000,0x00000037db500000] [id=16936]
  0x0000018a1b785000 ConcurrentGCThread "G1 Conc#0" [stack: 0x00000037db500000,0x00000037db600000] [id=13352]
  0x0000018a3be1c800 ConcurrentGCThread "G1 Conc#1" [stack: 0x00000037dcf00000,0x00000037dd000000] [id=15740]
  0x0000018a3a128800 ConcurrentGCThread "G1 Refine#0" [stack: 0x00000037db600000,0x00000037db700000] [id=22540]
  0x0000018a3fa1b000 ConcurrentGCThread "G1 Refine#1" [stack: 0x00000037daf00000,0x00000037db000000] [id=44456]
  0x0000018a3f66f800 ConcurrentGCThread "G1 Refine#2" [stack: 0x00000037db000000,0x00000037db100000] [id=12012]
  0x0000018a1b80e000 ConcurrentGCThread "G1 Young RemSet Sampling" [stack: 0x00000037db700000,0x00000037db800000] [id=5488]

Threads with active compile tasks:
C2 CompilerThread049483574 13810   !   4       org.springframework.expression.spel.ast.PropertyOrFieldReference::getValueInternal (327 bytes)

VM state:not at safepoint (normal execution)

VM Mutex/Monitor currently owned by a thread: None

Heap address: 0x0000000084400000, size: 1980 MB, Compressed Oops mode: 32-bit
Narrow klass base: 0x0000000000000000, Narrow klass shift: 3
Compressed class space size: 1073741824 Address: 0x0000000100000000

Heap:
 garbage-first heap   total 183296K, used 50268K [0x0000000084400000, 0x0000000100000000)
  region size 1024K, 8 young (8192K), 1 survivors (1024K)
 Metaspace       used 96433K, capacity 98646K, committed 98944K, reserved 1136640K
  class space    used 11672K, capacity 12548K, committed 12672K, reserved 1048576K
Heap Regions: E=young(eden), S=young(survivor), O=old, HS=humongous(starts), HC=humongous(continues), CS=collection set, F=free, A=archive, TAMS=top-at-mark-start (previous, next)
|   0|0x0000000084400000, 0x0000000084500000, 0x0000000084500000|100%|HS|  |TAMS 0x0000000084500000, 0x0000000084400000| Complete 
|   1|0x0000000084500000, 0x0000000084600000, 0x0000000084600000|100%| O|  |TAMS 0x0000000084600000, 0x0000000084500000| Untracked 
|   2|0x0000000084600000, 0x0000000084700000, 0x0000000084700000|100%| O|  |TAMS 0x0000000084700000, 0x0000000084600000| Untracked 
|   3|0x0000000084700000, 0x0000000084800000, 0x0000000084800000|100%| O|  |TAMS 0x0000000084800000, 0x0000000084700000| Untracked 
|   4|0x0000000084800000, 0x0000000084900000, 0x0000000084900000|100%| O|  |TAMS 0x0000000084900000, 0x0000000084800000| Untracked 
|   5|0x0000000084900000, 0x0000000084a00000, 0x0000000084a00000|100%| O|  |TAMS 0x0000000084a00000, 0x0000000084900000| Untracked 
|   6|0x0000000084a00000, 0x0000000084b00000, 0x0000000084b00000|100%| O|  |TAMS 0x0000000084b00000, 0x0000000084a00000| Untracked 
|   7|0x0000000084b00000, 0x0000000084c00000, 0x0000000084c00000|100%| O|  |TAMS 0x0000000084c00000, 0x0000000084b00000| Untracked 
|   8|0x0000000084c00000, 0x0000000084d00000, 0x0000000084d00000|100%| O|  |TAMS 0x0000000084d00000, 0x0000000084c00000| Untracked 
|   9|0x0000000084d00000, 0x0000000084e00000, 0x0000000084e00000|100%| O|  |TAMS 0x0000000084e00000, 0x0000000084d00000| Untracked 
|  10|0x0000000084e00000, 0x0000000084f00000, 0x0000000084f00000|100%| O|  |TAMS 0x0000000084f00000, 0x0000000084e00000| Untracked 
|  11|0x0000000084f00000, 0x0000000085000000, 0x0000000085000000|100%| O|  |TAMS 0x0000000085000000, 0x0000000084f00000| Untracked 
|  12|0x0000000085000000, 0x0000000085100000, 0x0000000085100000|100%| O|  |TAMS 0x0000000085100000, 0x0000000085000000| Untracked 
|  13|0x0000000085100000, 0x0000000085200000, 0x0000000085200000|100%| O|  |TAMS 0x0000000085200000, 0x0000000085100000| Untracked 
|  14|0x0000000085200000, 0x0000000085300000, 0x0000000085300000|100%| O|  |TAMS 0x0000000085300000, 0x0000000085200000| Untracked 
|  15|0x0000000085300000, 0x0000000085400000, 0x0000000085400000|100%| O|  |TAMS 0x0000000085400000, 0x0000000085300000| Untracked 
|  16|0x0000000085400000, 0x0000000085500000, 0x0000000085500000|100%| O|  |TAMS 0x00000000854c6800, 0x0000000085400000| Untracked 
|  17|0x0000000085500000, 0x0000000085600000, 0x0000000085600000|100%| O|  |TAMS 0x0000000085500000, 0x0000000085500000| Untracked 
|  18|0x0000000085600000, 0x0000000085700000, 0x0000000085700000|100%| O|  |TAMS 0x0000000085600000, 0x0000000085600000| Untracked 
|  19|0x0000000085700000, 0x0000000085800000, 0x0000000085800000|100%| O|  |TAMS 0x0000000085700000, 0x0000000085700000| Untracked 
|  20|0x0000000085800000, 0x0000000085900000, 0x0000000085900000|100%| O|  |TAMS 0x0000000085800000, 0x0000000085800000| Untracked 
|  21|0x0000000085900000, 0x0000000085a00000, 0x0000000085a00000|100%| O|  |TAMS 0x0000000085900000, 0x0000000085900000| Untracked 
|  22|0x0000000085a00000, 0x0000000085b00000, 0x0000000085b00000|100%| O|  |TAMS 0x0000000085a00000, 0x0000000085a00000| Untracked 
|  23|0x0000000085b00000, 0x0000000085c00000, 0x0000000085c00000|100%| O|  |TAMS 0x0000000085b00000, 0x0000000085b00000| Untracked 
|  24|0x0000000085c00000, 0x0000000085d00000, 0x0000000085d00000|100%| O|  |TAMS 0x0000000085c00000, 0x0000000085c00000| Untracked 
|  25|0x0000000085d00000, 0x0000000085e00000, 0x0000000085e00000|100%| O|  |TAMS 0x0000000085d00000, 0x0000000085d00000| Untracked 
|  26|0x0000000085e00000, 0x0000000085f00000, 0x0000000085f00000|100%| O|  |TAMS 0x0000000085e00000, 0x0000000085e00000| Untracked 
|  27|0x0000000085f00000, 0x0000000086000000, 0x0000000086000000|100%| O|  |TAMS 0x0000000085f00000, 0x0000000085f00000| Untracked 
|  28|0x0000000086000000, 0x0000000086100000, 0x0000000086100000|100%| O|  |TAMS 0x0000000086000000, 0x0000000086000000| Untracked 
|  29|0x0000000086100000, 0x0000000086200000, 0x0000000086200000|100%| O|  |TAMS 0x0000000086100000, 0x0000000086100000| Untracked 
|  30|0x0000000086200000, 0x0000000086300000, 0x0000000086300000|100%| O|  |TAMS 0x0000000086200000, 0x0000000086200000| Untracked 
|  31|0x0000000086300000, 0x0000000086400000, 0x0000000086400000|100%| O|  |TAMS 0x0000000086300000, 0x0000000086300000| Untracked 
|  32|0x0000000086400000, 0x0000000086500000, 0x0000000086500000|100%| O|  |TAMS 0x0000000086400000, 0x0000000086400000| Untracked 
|  33|0x0000000086500000, 0x0000000086600000, 0x0000000086600000|100%| O|  |TAMS 0x0000000086500000, 0x0000000086500000| Untracked 
|  34|0x0000000086600000, 0x0000000086700000, 0x0000000086700000|100%| O|  |TAMS 0x0000000086600000, 0x0000000086600000| Untracked 
|  35|0x0000000086700000, 0x0000000086800000, 0x0000000086800000|100%| O|  |TAMS 0x0000000086700000, 0x0000000086700000| Untracked 
|  36|0x0000000086800000, 0x0000000086900000, 0x0000000086900000|100%| O|  |TAMS 0x0000000086800000, 0x0000000086800000| Untracked 
|  37|0x0000000086900000, 0x0000000086a00000, 0x0000000086a00000|100%| O|  |TAMS 0x0000000086900000, 0x0000000086900000| Untracked 
|  38|0x0000000086a00000, 0x0000000086b00000, 0x0000000086b00000|100%| O|  |TAMS 0x0000000086a00000, 0x0000000086a00000| Untracked 
|  39|0x0000000086b00000, 0x0000000086c00000, 0x0000000086c00000|100%| O|  |TAMS 0x0000000086b00000, 0x0000000086b00000| Untracked 
|  40|0x0000000086c00000, 0x0000000086d00000, 0x0000000086d00000|100%| O|  |TAMS 0x0000000086c00000, 0x0000000086c00000| Untracked 
|  41|0x0000000086d00000, 0x0000000086e00000, 0x0000000086e00000|100%| O|  |TAMS 0x0000000086d00000, 0x0000000086d00000| Untracked 
|  42|0x0000000086e00000, 0x0000000086ef4c00, 0x0000000086f00000| 95%| O|  |TAMS 0x0000000086e00000, 0x0000000086e00000| Untracked 
|  43|0x0000000086f00000, 0x0000000086f00000, 0x0000000087000000|  0%| F|  |TAMS 0x0000000086f00000, 0x0000000086f00000| Untracked 
|  44|0x0000000087000000, 0x0000000087000000, 0x0000000087100000|  0%| F|  |TAMS 0x0000000087000000, 0x0000000087000000| Untracked 
|  45|0x0000000087100000, 0x0000000087100000, 0x0000000087200000|  0%| F|  |TAMS 0x0000000087100000, 0x0000000087100000| Untracked 
|  46|0x0000000087200000, 0x0000000087200000, 0x0000000087300000|  0%| F|  |TAMS 0x0000000087200000, 0x0000000087200000| Untracked 
|  47|0x0000000087300000, 0x0000000087300000, 0x0000000087400000|  0%| F|  |TAMS 0x0000000087300000, 0x0000000087300000| Untracked 
|  48|0x0000000087400000, 0x0000000087400000, 0x0000000087500000|  0%| F|  |TAMS 0x0000000087400000, 0x0000000087400000| Untracked 
|  49|0x0000000087500000, 0x0000000087500000, 0x0000000087600000|  0%| F|  |TAMS 0x0000000087500000, 0x0000000087500000| Untracked 
|  50|0x0000000087600000, 0x0000000087600000, 0x0000000087700000|  0%| F|  |TAMS 0x0000000087600000, 0x0000000087600000| Untracked 
|  51|0x0000000087700000, 0x0000000087700000, 0x0000000087800000|  0%| F|  |TAMS 0x0000000087700000, 0x0000000087700000| Untracked 
|  52|0x0000000087800000, 0x0000000087800000, 0x0000000087900000|  0%| F|  |TAMS 0x0000000087800000, 0x0000000087800000| Untracked 
|  53|0x0000000087900000, 0x0000000087900000, 0x0000000087a00000|  0%| F|  |TAMS 0x0000000087900000, 0x0000000087900000| Untracked 
|  54|0x0000000087a00000, 0x0000000087a00000, 0x0000000087b00000|  0%| F|  |TAMS 0x0000000087a00000, 0x0000000087a00000| Untracked 
|  55|0x0000000087b00000, 0x0000000087b00000, 0x0000000087c00000|  0%| F|  |TAMS 0x0000000087b00000, 0x0000000087b00000| Untracked 
|  56|0x0000000087c00000, 0x0000000087c00000, 0x0000000087d00000|  0%| F|  |TAMS 0x0000000087c00000, 0x0000000087c00000| Untracked 
|  57|0x0000000087d00000, 0x0000000087d00000, 0x0000000087e00000|  0%| F|  |TAMS 0x0000000087d00000, 0x0000000087d00000| Untracked 
|  58|0x0000000087e00000, 0x0000000087e00000, 0x0000000087f00000|  0%| F|  |TAMS 0x0000000087e00000, 0x0000000087e00000| Untracked 
|  59|0x0000000087f00000, 0x0000000087f00000, 0x0000000088000000|  0%| F|  |TAMS 0x0000000087f00000, 0x0000000087f00000| Untracked 
|  60|0x0000000088000000, 0x0000000088000000, 0x0000000088100000|  0%| F|  |TAMS 0x0000000088000000, 0x0000000088000000| Untracked 
|  61|0x0000000088100000, 0x0000000088100000, 0x0000000088200000|  0%| F|  |TAMS 0x0000000088100000, 0x0000000088100000| Untracked 
|  62|0x0000000088200000, 0x0000000088200000, 0x0000000088300000|  0%| F|  |TAMS 0x0000000088200000, 0x0000000088200000| Untracked 
|  63|0x0000000088300000, 0x0000000088300000, 0x0000000088400000|  0%| F|  |TAMS 0x0000000088300000, 0x0000000088300000| Untracked 
|  64|0x0000000088400000, 0x0000000088400000, 0x0000000088500000|  0%| F|  |TAMS 0x0000000088400000, 0x0000000088400000| Untracked 
|  65|0x0000000088500000, 0x0000000088500000, 0x0000000088600000|  0%| F|  |TAMS 0x0000000088500000, 0x0000000088500000| Untracked 
|  66|0x0000000088600000, 0x0000000088600000, 0x0000000088700000|  0%| F|  |TAMS 0x0000000088600000, 0x0000000088600000| Untracked 
|  67|0x0000000088700000, 0x0000000088700000, 0x0000000088800000|  0%| F|  |TAMS 0x0000000088700000, 0x0000000088700000| Untracked 
|  68|0x0000000088800000, 0x0000000088800000, 0x0000000088900000|  0%| F|  |TAMS 0x0000000088800000, 0x0000000088800000| Untracked 
|  69|0x0000000088900000, 0x0000000088900000, 0x0000000088a00000|  0%| F|  |TAMS 0x0000000088900000, 0x0000000088900000| Untracked 
|  70|0x0000000088a00000, 0x0000000088a00000, 0x0000000088b00000|  0%| F|  |TAMS 0x0000000088a00000, 0x0000000088a00000| Untracked 
|  71|0x0000000088b00000, 0x0000000088b00000, 0x0000000088c00000|  0%| F|  |TAMS 0x0000000088b00000, 0x0000000088b00000| Untracked 
|  72|0x0000000088c00000, 0x0000000088c226d8, 0x0000000088d00000| 13%| S|CS|TAMS 0x0000000088c00000, 0x0000000088c00000| Complete 
|  73|0x0000000088d00000, 0x0000000088d00000, 0x0000000088e00000|  0%| F|  |TAMS 0x0000000088d00000, 0x0000000088d00000| Untracked 
|  74|0x0000000088e00000, 0x0000000088e00000, 0x0000000088f00000|  0%| F|  |TAMS 0x0000000088e00000, 0x0000000088e00000| Untracked 
|  75|0x0000000088f00000, 0x0000000088f00000, 0x0000000089000000|  0%| F|  |TAMS 0x0000000088f00000, 0x0000000088f00000| Untracked 
|  76|0x0000000089000000, 0x0000000089000000, 0x0000000089100000|  0%| F|  |TAMS 0x0000000089000000, 0x0000000089000000| Untracked 
|  77|0x0000000089100000, 0x0000000089100000, 0x0000000089200000|  0%| F|  |TAMS 0x0000000089100000, 0x0000000089100000| Untracked 
|  78|0x0000000089200000, 0x0000000089200000, 0x0000000089300000|  0%| F|  |TAMS 0x0000000089200000, 0x0000000089200000| Untracked 
|  79|0x0000000089300000, 0x0000000089300000, 0x0000000089400000|  0%| F|  |TAMS 0x0000000089300000, 0x0000000089300000| Untracked 
|  80|0x0000000089400000, 0x0000000089400000, 0x0000000089500000|  0%| F|  |TAMS 0x0000000089400000, 0x0000000089400000| Untracked 
|  81|0x0000000089500000, 0x0000000089500000, 0x0000000089600000|  0%| F|  |TAMS 0x0000000089500000, 0x0000000089500000| Untracked 
|  82|0x0000000089600000, 0x0000000089600000, 0x0000000089700000|  0%| F|  |TAMS 0x0000000089600000, 0x0000000089600000| Untracked 
|  83|0x0000000089700000, 0x0000000089700000, 0x0000000089800000|  0%| F|  |TAMS 0x0000000089700000, 0x0000000089700000| Untracked 
|  84|0x0000000089800000, 0x0000000089800000, 0x0000000089900000|  0%| F|  |TAMS 0x0000000089800000, 0x0000000089800000| Untracked 
|  85|0x0000000089900000, 0x0000000089900000, 0x0000000089a00000|  0%| F|  |TAMS 0x0000000089900000, 0x0000000089900000| Untracked 
|  86|0x0000000089a00000, 0x0000000089a00000, 0x0000000089b00000|  0%| F|  |TAMS 0x0000000089a00000, 0x0000000089a00000| Untracked 
|  87|0x0000000089b00000, 0x0000000089b00000, 0x0000000089c00000|  0%| F|  |TAMS 0x0000000089b00000, 0x0000000089b00000| Untracked 
|  88|0x0000000089c00000, 0x0000000089c00000, 0x0000000089d00000|  0%| F|  |TAMS 0x0000000089c00000, 0x0000000089c00000| Untracked 
|  89|0x0000000089d00000, 0x0000000089d00000, 0x0000000089e00000|  0%| F|  |TAMS 0x0000000089d00000, 0x0000000089d00000| Untracked 
|  90|0x0000000089e00000, 0x0000000089e00000, 0x0000000089f00000|  0%| F|  |TAMS 0x0000000089e00000, 0x0000000089e00000| Untracked 
|  91|0x0000000089f00000, 0x0000000089f00000, 0x000000008a000000|  0%| F|  |TAMS 0x0000000089f00000, 0x0000000089f00000| Untracked 
|  92|0x000000008a000000, 0x000000008a000000, 0x000000008a100000|  0%| F|  |TAMS 0x000000008a000000, 0x000000008a000000| Untracked 
|  93|0x000000008a100000, 0x000000008a100000, 0x000000008a200000|  0%| F|  |TAMS 0x000000008a100000, 0x000000008a100000| Untracked 
|  94|0x000000008a200000, 0x000000008a200000, 0x000000008a300000|  0%| F|  |TAMS 0x000000008a200000, 0x000000008a200000| Untracked 
|  95|0x000000008a300000, 0x000000008a300000, 0x000000008a400000|  0%| F|  |TAMS 0x000000008a300000, 0x000000008a300000| Untracked 
|  96|0x000000008a400000, 0x000000008a400000, 0x000000008a500000|  0%| F|  |TAMS 0x000000008a400000, 0x000000008a400000| Untracked 
|  97|0x000000008a500000, 0x000000008a500000, 0x000000008a600000|  0%| F|  |TAMS 0x000000008a500000, 0x000000008a500000| Untracked 
|  98|0x000000008a600000, 0x000000008a600000, 0x000000008a700000|  0%| F|  |TAMS 0x000000008a600000, 0x000000008a600000| Untracked 
|  99|0x000000008a700000, 0x000000008a700000, 0x000000008a800000|  0%| F|  |TAMS 0x000000008a700000, 0x000000008a700000| Untracked 
| 100|0x000000008a800000, 0x000000008a800000, 0x000000008a900000|  0%| F|  |TAMS 0x000000008a800000, 0x000000008a800000| Untracked 
| 101|0x000000008a900000, 0x000000008a900000, 0x000000008aa00000|  0%| F|  |TAMS 0x000000008a900000, 0x000000008a900000| Untracked 
| 102|0x000000008aa00000, 0x000000008aa00000, 0x000000008ab00000|  0%| F|  |TAMS 0x000000008aa00000, 0x000000008aa00000| Untracked 
| 103|0x000000008ab00000, 0x000000008ab00000, 0x000000008ac00000|  0%| F|  |TAMS 0x000000008ab00000, 0x000000008ab00000| Untracked 
| 104|0x000000008ac00000, 0x000000008ac00000, 0x000000008ad00000|  0%| F|  |TAMS 0x000000008ac00000, 0x000000008ac00000| Untracked 
| 105|0x000000008ad00000, 0x000000008ad00000, 0x000000008ae00000|  0%| F|  |TAMS 0x000000008ad00000, 0x000000008ad00000| Untracked 
| 106|0x000000008ae00000, 0x000000008ae00000, 0x000000008af00000|  0%| F|  |TAMS 0x000000008ae00000, 0x000000008ae00000| Untracked 
| 107|0x000000008af00000, 0x000000008af00000, 0x000000008b000000|  0%| F|  |TAMS 0x000000008af00000, 0x000000008af00000| Untracked 
| 108|0x000000008b000000, 0x000000008b000000, 0x000000008b100000|  0%| F|  |TAMS 0x000000008b000000, 0x000000008b000000| Untracked 
| 109|0x000000008b100000, 0x000000008b100000, 0x000000008b200000|  0%| F|  |TAMS 0x000000008b100000, 0x000000008b100000| Untracked 
| 110|0x000000008b200000, 0x000000008b200000, 0x000000008b300000|  0%| F|  |TAMS 0x000000008b200000, 0x000000008b200000| Untracked 
| 111|0x000000008b300000, 0x000000008b300000, 0x000000008b400000|  0%| F|  |TAMS 0x000000008b300000, 0x000000008b300000| Untracked 
| 112|0x000000008b400000, 0x000000008b400000, 0x000000008b500000|  0%| F|  |TAMS 0x000000008b400000, 0x000000008b400000| Untracked 
| 113|0x000000008b500000, 0x000000008b500000, 0x000000008b600000|  0%| F|  |TAMS 0x000000008b500000, 0x000000008b500000| Untracked 
| 114|0x000000008b600000, 0x000000008b600000, 0x000000008b700000|  0%| F|  |TAMS 0x000000008b600000, 0x000000008b600000| Untracked 
| 115|0x000000008b700000, 0x000000008b700000, 0x000000008b800000|  0%| F|  |TAMS 0x000000008b700000, 0x000000008b700000| Untracked 
| 116|0x000000008b800000, 0x000000008b800000, 0x000000008b900000|  0%| F|  |TAMS 0x000000008b800000, 0x000000008b800000| Untracked 
| 117|0x000000008b900000, 0x000000008b900000, 0x000000008ba00000|  0%| F|  |TAMS 0x000000008b900000, 0x000000008b900000| Untracked 
| 118|0x000000008ba00000, 0x000000008ba00000, 0x000000008bb00000|  0%| F|  |TAMS 0x000000008ba00000, 0x000000008ba00000| Untracked 
| 119|0x000000008bb00000, 0x000000008bb00000, 0x000000008bc00000|  0%| F|  |TAMS 0x000000008bb00000, 0x000000008bb00000| Untracked 
| 120|0x000000008bc00000, 0x000000008bc00000, 0x000000008bd00000|  0%| F|  |TAMS 0x000000008bc00000, 0x000000008bc00000| Untracked 
| 121|0x000000008bd00000, 0x000000008bd00000, 0x000000008be00000|  0%| F|  |TAMS 0x000000008bd00000, 0x000000008bd00000| Untracked 
| 122|0x000000008be00000, 0x000000008be00000, 0x000000008bf00000|  0%| F|  |TAMS 0x000000008be00000, 0x000000008be00000| Untracked 
| 123|0x000000008bf00000, 0x000000008bf00000, 0x000000008c000000|  0%| F|  |TAMS 0x000000008bf00000, 0x000000008bf00000| Untracked 
| 124|0x000000008c000000, 0x000000008c000000, 0x000000008c100000|  0%| F|  |TAMS 0x000000008c000000, 0x000000008c000000| Untracked 
| 125|0x000000008c100000, 0x000000008c100000, 0x000000008c200000|  0%| F|  |TAMS 0x000000008c100000, 0x000000008c100000| Untracked 
| 126|0x000000008c200000, 0x000000008c200000, 0x000000008c300000|  0%| F|  |TAMS 0x000000008c200000, 0x000000008c200000| Untracked 
| 127|0x000000008c300000, 0x000000008c300000, 0x000000008c400000|  0%| F|  |TAMS 0x000000008c300000, 0x000000008c300000| Untracked 
| 128|0x000000008c400000, 0x000000008c400000, 0x000000008c500000|  0%| F|  |TAMS 0x000000008c400000, 0x000000008c400000| Untracked 
| 129|0x000000008c500000, 0x000000008c500000, 0x000000008c600000|  0%| F|  |TAMS 0x000000008c500000, 0x000000008c500000| Untracked 
| 130|0x000000008c600000, 0x000000008c600000, 0x000000008c700000|  0%| F|  |TAMS 0x000000008c600000, 0x000000008c600000| Untracked 
| 131|0x000000008c700000, 0x000000008c700000, 0x000000008c800000|  0%| F|  |TAMS 0x000000008c700000, 0x000000008c700000| Untracked 
| 132|0x000000008c800000, 0x000000008c800000, 0x000000008c900000|  0%| F|  |TAMS 0x000000008c800000, 0x000000008c800000| Untracked 
| 133|0x000000008c900000, 0x000000008c900000, 0x000000008ca00000|  0%| F|  |TAMS 0x000000008c900000, 0x000000008c900000| Untracked 
| 134|0x000000008ca00000, 0x000000008ca00000, 0x000000008cb00000|  0%| F|  |TAMS 0x000000008ca00000, 0x000000008ca00000| Untracked 
| 135|0x000000008cb00000, 0x000000008cb00000, 0x000000008cc00000|  0%| F|  |TAMS 0x000000008cb00000, 0x000000008cb00000| Untracked 
| 136|0x000000008cc00000, 0x000000008cc00000, 0x000000008cd00000|  0%| F|  |TAMS 0x000000008cc00000, 0x000000008cc00000| Untracked 
| 137|0x000000008cd00000, 0x000000008cd00000, 0x000000008ce00000|  0%| F|  |TAMS 0x000000008cd00000, 0x000000008cd00000| Untracked 
| 138|0x000000008ce00000, 0x000000008ce00000, 0x000000008cf00000|  0%| F|  |TAMS 0x000000008ce00000, 0x000000008ce00000| Untracked 
| 139|0x000000008cf00000, 0x000000008cf00000, 0x000000008d000000|  0%| F|  |TAMS 0x000000008cf00000, 0x000000008cf00000| Untracked 
| 140|0x000000008d000000, 0x000000008d000000, 0x000000008d100000|  0%| F|  |TAMS 0x000000008d000000, 0x000000008d000000| Untracked 
| 141|0x000000008d100000, 0x000000008d100000, 0x000000008d200000|  0%| F|  |TAMS 0x000000008d100000, 0x000000008d100000| Untracked 
| 142|0x000000008d200000, 0x000000008d200000, 0x000000008d300000|  0%| F|  |TAMS 0x000000008d200000, 0x000000008d200000| Untracked 
| 143|0x000000008d300000, 0x000000008d300000, 0x000000008d400000|  0%| F|  |TAMS 0x000000008d300000, 0x000000008d300000| Untracked 
| 144|0x000000008d400000, 0x000000008d400000, 0x000000008d500000|  0%| F|  |TAMS 0x000000008d400000, 0x000000008d400000| Untracked 
| 145|0x000000008d500000, 0x000000008d500000, 0x000000008d600000|  0%| F|  |TAMS 0x000000008d500000, 0x000000008d500000| Untracked 
| 146|0x000000008d600000, 0x000000008d600000, 0x000000008d700000|  0%| F|  |TAMS 0x000000008d600000, 0x000000008d600000| Untracked 
| 147|0x000000008d700000, 0x000000008d700000, 0x000000008d800000|  0%| F|  |TAMS 0x000000008d700000, 0x000000008d700000| Untracked 
| 148|0x000000008d800000, 0x000000008d800000, 0x000000008d900000|  0%| F|  |TAMS 0x000000008d800000, 0x000000008d800000| Untracked 
| 149|0x000000008d900000, 0x000000008d900000, 0x000000008da00000|  0%| F|  |TAMS 0x000000008d900000, 0x000000008d900000| Untracked 
| 150|0x000000008da00000, 0x000000008da00000, 0x000000008db00000|  0%| F|  |TAMS 0x000000008da00000, 0x000000008da00000| Untracked 
| 151|0x000000008db00000, 0x000000008db00000, 0x000000008dc00000|  0%| F|  |TAMS 0x000000008db00000, 0x000000008db00000| Untracked 
| 152|0x000000008dc00000, 0x000000008dc00000, 0x000000008dd00000|  0%| F|  |TAMS 0x000000008dc00000, 0x000000008dc00000| Untracked 
| 153|0x000000008dd00000, 0x000000008dd00000, 0x000000008de00000|  0%| F|  |TAMS 0x000000008dd00000, 0x000000008dd00000| Untracked 
| 154|0x000000008de00000, 0x000000008de00000, 0x000000008df00000|  0%| F|  |TAMS 0x000000008de00000, 0x000000008de00000| Untracked 
| 155|0x000000008df00000, 0x000000008df00000, 0x000000008e000000|  0%| F|  |TAMS 0x000000008df00000, 0x000000008df00000| Untracked 
| 156|0x000000008e000000, 0x000000008e000000, 0x000000008e100000|  0%| F|  |TAMS 0x000000008e000000, 0x000000008e000000| Untracked 
| 157|0x000000008e100000, 0x000000008e100000, 0x000000008e200000|  0%| F|  |TAMS 0x000000008e100000, 0x000000008e100000| Untracked 
| 158|0x000000008e200000, 0x000000008e200000, 0x000000008e300000|  0%| F|  |TAMS 0x000000008e200000, 0x000000008e200000| Untracked 
| 159|0x000000008e300000, 0x000000008e300000, 0x000000008e400000|  0%| F|  |TAMS 0x000000008e300000, 0x000000008e300000| Untracked 
| 160|0x000000008e400000, 0x000000008e400000, 0x000000008e500000|  0%| F|  |TAMS 0x000000008e400000, 0x000000008e400000| Untracked 
| 161|0x000000008e500000, 0x000000008e500000, 0x000000008e600000|  0%| F|  |TAMS 0x000000008e500000, 0x000000008e500000| Untracked 
| 162|0x000000008e600000, 0x000000008e600000, 0x000000008e700000|  0%| F|  |TAMS 0x000000008e600000, 0x000000008e600000| Untracked 
| 163|0x000000008e700000, 0x000000008e700000, 0x000000008e800000|  0%| F|  |TAMS 0x000000008e700000, 0x000000008e700000| Untracked 
| 164|0x000000008e800000, 0x000000008e800000, 0x000000008e900000|  0%| F|  |TAMS 0x000000008e800000, 0x000000008e800000| Untracked 
| 165|0x000000008e900000, 0x000000008e900000, 0x000000008ea00000|  0%| F|  |TAMS 0x000000008e900000, 0x000000008e900000| Untracked 
| 166|0x000000008ea00000, 0x000000008ea00000, 0x000000008eb00000|  0%| F|  |TAMS 0x000000008ea00000, 0x000000008ea00000| Untracked 
| 167|0x000000008eb00000, 0x000000008eb00000, 0x000000008ec00000|  0%| F|  |TAMS 0x000000008eb00000, 0x000000008eb00000| Untracked 
| 168|0x000000008ec00000, 0x000000008ec00000, 0x000000008ed00000|  0%| F|  |TAMS 0x000000008ec00000, 0x000000008ec00000| Untracked 
| 169|0x000000008ed00000, 0x000000008ed00000, 0x000000008ee00000|  0%| F|  |TAMS 0x000000008ed00000, 0x000000008ed00000| Untracked 
| 170|0x000000008ee00000, 0x000000008ee00000, 0x000000008ef00000|  0%| F|  |TAMS 0x000000008ee00000, 0x000000008ee00000| Untracked 
| 171|0x000000008ef00000, 0x000000008ef36c78, 0x000000008f000000| 21%| E|  |TAMS 0x000000008ef00000, 0x000000008ef00000| Complete 
| 172|0x000000008f000000, 0x000000008f100000, 0x000000008f100000|100%| E|  |TAMS 0x000000008f000000, 0x000000008f000000| Complete 
| 173|0x000000008f100000, 0x000000008f200000, 0x000000008f200000|100%| E|CS|TAMS 0x000000008f100000, 0x000000008f100000| Complete 
| 174|0x000000008f200000, 0x000000008f300000, 0x000000008f300000|100%| E|CS|TAMS 0x000000008f200000, 0x000000008f200000| Complete 
| 175|0x000000008f300000, 0x000000008f400000, 0x000000008f400000|100%| E|CS|TAMS 0x000000008f300000, 0x000000008f300000| Complete 
| 176|0x000000008f400000, 0x000000008f500000, 0x000000008f500000|100%| E|CS|TAMS 0x000000008f400000, 0x000000008f400000| Complete 
| 177|0x000000008f500000, 0x000000008f600000, 0x000000008f600000|100%| E|CS|TAMS 0x000000008f500000, 0x000000008f500000| Complete 
| 178|0x000000008f600000, 0x000000008f700000, 0x000000008f700000|100%| E|CS|TAMS 0x000000008f600000, 0x000000008f600000| Complete 

Card table byte_map: [0x0000018a332f0000,0x0000018a336d0000] _byte_map_base: 0x0000018a32ece000

Marking Bits (Prev, Next): (CMBitMap*) 0x0000018a1b7794e0, (CMBitMap*) 0x0000018a1b7794a8
 Prev Bits: [0x0000018a359a0000, 0x0000018a37890000)
 Next Bits: [0x0000018a33ab0000, 0x0000018a359a0000)

Polling page: 0x0000018a196a0000

Metaspace:

Usage:
  Non-class:     84.08 MB capacity,    82.78 MB ( 98%) used,     1.02 MB (  1%) free+waste,   289.56 KB ( <1%) overhead. 
      Class:     12.25 MB capacity,    11.40 MB ( 93%) used,   744.31 KB (  6%) free+waste,   131.56 KB (  1%) overhead. 
       Both:     96.33 MB capacity,    94.17 MB ( 98%) used,     1.75 MB (  2%) free+waste,   421.13 KB ( <1%) overhead. 

Virtual space:
  Non-class space:       86.00 MB reserved,      84.25 MB ( 98%) committed 
      Class space:        1.00 GB reserved,      12.38 MB (  1%) committed 
             Both:        1.08 GB reserved,      96.63 MB (  9%) committed 

Chunk freelists:
   Non-Class:  5.75 KB
       Class:  0 bytes
        Both:  5.75 KB

CodeHeap 'non-profiled nmethods': size=120000Kb used=10632Kb max_used=10927Kb free=109368Kb
 bounds [0x0000018a2b6b0000, 0x0000018a2c160000, 0x0000018a32be0000]
CodeHeap 'profiled nmethods': size=120000Kb used=27578Kb max_used=29224Kb free=92421Kb
 bounds [0x0000018a24180000, 0x0000018a25e10000, 0x0000018a2b6b0000]
CodeHeap 'non-nmethods': size=5760Kb used=1317Kb max_used=1369Kb free=4443Kb
 bounds [0x0000018a23be0000, 0x0000018a23e50000, 0x0000018a24180000]
 total_blobs=12913 nmethods=12204 adapters=618
 compilation: enabled
              stopped_count=0, restarted_count=0
 full_count=0

Compilation events (10 events):
Event: 49482.091 Thread 0x0000018a3a312000 nmethod 13805 0x0000018a2ba69290 code [0x0000018a2ba69420, 0x0000018a2ba695f8]
Event: 49482.091 Thread 0x0000018a3a312000 13806       4       sun.nio.ch.SocketChannelImpl::translateReadyOps (173 bytes)
Event: 49482.096 Thread 0x0000018a3a312000 nmethod 13806 0x0000018a2ba6f510 code [0x0000018a2ba6f6a0, 0x0000018a2ba6f898]
Event: 49482.109 Thread 0x0000018a3a312000 13807       4       jdk.internal.math.FloatingDecimal$ASCIIToBinaryBuffer::doubleValue (1194 bytes)
Event: 49482.118 Thread 0x0000018a3a312000 nmethod 13807 0x0000018a2ba78590 code [0x0000018a2ba78740, 0x0000018a2ba78998]
Event: 49482.151 Thread 0x0000018a3a312000 13808  s    4       org.apache.tomcat.util.collections.SynchronizedQueue::offer (50 bytes)
Event: 49482.158 Thread 0x0000018a3a312000 nmethod 13808 0x0000018a2ba88890 code [0x0000018a2ba88a20, 0x0000018a2ba88dd8]
Event: 49482.210 Thread 0x0000018a3a312000 13809       4       org.springframework.expression.spel.CodeFlow::toDescriptor (227 bytes)
Event: 49482.216 Thread 0x0000018a3a312000 nmethod 13809 0x0000018a2ba6ef10 code [0x0000018a2ba6f0a0, 0x0000018a2ba6f2e8]
Event: 49482.223 Thread 0x0000018a3a312000 13810   !   4       org.springframework.expression.spel.ast.PropertyOrFieldReference::getValueInternal (327 bytes)

GC Heap History (10 events):
Event: 49434.415 GC heap before
{Heap before GC invocations=46 (full 0):
 garbage-first heap   total 183296K, used 147514K [0x0000000084400000, 0x0000000100000000)
  region size 1024K, 106 young (108544K), 4 survivors (4096K)
 Metaspace       used 96427K, capacity 98646K, committed 98944K, reserved 1136640K
  class space    used 11670K, capacity 12548K, committed 12672K, reserved 1048576K
}
Event: 49434.514 GC heap after
{Heap after GC invocations=47 (full 0):
 garbage-first heap   total 183296K, used 44320K [0x0000000084400000, 0x0000000100000000)
  region size 1024K, 4 young (4096K), 4 survivors (4096K)
 Metaspace       used 96427K, capacity 98646K, committed 98944K, reserved 1136640K
  class space    used 11670K, capacity 12548K, committed 12672K, reserved 1048576K
}
Event: 49442.475 GC heap before
{Heap before GC invocations=47 (full 0):
 garbage-first heap   total 183296K, used 149792K [0x0000000084400000, 0x0000000100000000)
  region size 1024K, 107 young (109568K), 4 survivors (4096K)
 Metaspace       used 96428K, capacity 98646K, committed 98944K, reserved 1136640K
  class space    used 11670K, capacity 12548K, committed 12672K, reserved 1048576K
}
Event: 49442.487 GC heap after
{Heap after GC invocations=48 (full 0):
 garbage-first heap   total 183296K, used 44192K [0x0000000084400000, 0x0000000100000000)
  region size 1024K, 1 young (1024K), 1 survivors (1024K)
 Metaspace       used 96428K, capacity 98646K, committed 98944K, reserved 1136640K
  class space    used 11670K, capacity 12548K, committed 12672K, reserved 1048576K
}
Event: 49463.128 GC heap before
{Heap before GC invocations=48 (full 0):
 garbage-first heap   total 183296K, used 150688K [0x0000000084400000, 0x0000000100000000)
  region size 1024K, 105 young (107520K), 1 survivors (1024K)
 Metaspace       used 96428K, capacity 98646K, committed 98944K, reserved 1136640K
  class space    used 11671K, capacity 12548K, committed 12672K, reserved 1048576K
}
Event: 49463.153 GC heap after
{Heap after GC invocations=49 (full 0):
 garbage-first heap   total 183296K, used 44101K [0x0000000084400000, 0x0000000100000000)
  region size 1024K, 1 young (1024K), 1 survivors (1024K)
 Metaspace       used 96428K, capacity 98646K, committed 98944K, reserved 1136640K
  class space    used 11671K, capacity 12548K, committed 12672K, reserved 1048576K
}
Event: 49474.587 GC heap before
{Heap before GC invocations=49 (full 0):
 garbage-first heap   total 183296K, used 149573K [0x0000000084400000, 0x0000000100000000)
  region size 1024K, 105 young (107520K), 1 survivors (1024K)
 Metaspace       used 96433K, capacity 98646K, committed 98944K, reserved 1136640K
  class space    used 11672K, capacity 12548K, committed 12672K, reserved 1048576K
}
Event: 49474.593 GC heap after
{Heap after GC invocations=50 (full 0):
 garbage-first heap   total 183296K, used 44107K [0x0000000084400000, 0x0000000100000000)
  region size 1024K, 1 young (1024K), 1 survivors (1024K)
 Metaspace       used 96433K, capacity 98646K, committed 98944K, reserved 1136640K
  class space    used 11672K, capacity 12548K, committed 12672K, reserved 1048576K
}
Event: 49482.999 GC heap before
{Heap before GC invocations=50 (full 0):
 garbage-first heap   total 183296K, used 151627K [0x0000000084400000, 0x0000000100000000)
  region size 1024K, 106 young (108544K), 1 survivors (1024K)
 Metaspace       used 96433K, capacity 98646K, committed 98944K, reserved 1136640K
  class space    used 11672K, capacity 12548K, committed 12672K, reserved 1048576K
}
Event: 49483.006 GC heap after
{Heap after GC invocations=51 (full 0):
 garbage-first heap   total 183296K, used 44124K [0x0000000084400000, 0x0000000100000000)
  region size 1024K, 1 young (1024K), 1 survivors (1024K)
 Metaspace       used 96433K, capacity 98646K, committed 98944K, reserved 1136640K
  class space    used 11672K, capacity 12548K, committed 12672K, reserved 1048576K
}

Deoptimization events (10 events):
Event: 49352.585 Thread 0x0000018a438c1800 Uncommon trap: reason=profile_predicate action=maybe_recompile pc=0x0000018a2c0e4524 method=ch.qos.logback.classic.pattern.TargetLengthBasedClassNameAbbreviator.computeLengthArray(Ljava/lang/String;[I[II)V @ 18 c2
Event: 49352.621 Thread 0x0000018a3df70800 Uncommon trap: reason=profile_predicate action=maybe_recompile pc=0x0000018a2c0e4524 method=ch.qos.logback.classic.pattern.TargetLengthBasedClassNameAbbreviator.computeLengthArray(Ljava/lang/String;[I[II)V @ 18 c2
Event: 49352.642 Thread 0x0000018a438c0800 Uncommon trap: reason=profile_predicate action=maybe_recompile pc=0x0000018a2c0e4524 method=ch.qos.logback.classic.pattern.TargetLengthBasedClassNameAbbreviator.computeLengthArray(Ljava/lang/String;[I[II)V @ 18 c2
Event: 49352.653 Thread 0x0000018a3df73000 Uncommon trap: reason=profile_predicate action=maybe_recompile pc=0x0000018a2c0e4524 method=ch.qos.logback.classic.pattern.TargetLengthBasedClassNameAbbreviator.computeLengthArray(Ljava/lang/String;[I[II)V @ 18 c2
Event: 49352.665 Thread 0x0000018a3df71800 Uncommon trap: reason=profile_predicate action=maybe_recompile pc=0x0000018a2c0e5e64 method=ch.qos.logback.classic.pattern.TargetLengthBasedClassNameAbbreviator.computeLengthArray(Ljava/lang/String;[I[II)V @ 18 c2
Event: 49353.577 Thread 0x0000018a3df71800 Uncommon trap: reason=profile_predicate action=maybe_recompile pc=0x0000018a2c0f1a5c method=ch.qos.logback.classic.pattern.TargetLengthBasedClassNameAbbreviator.abbreviate(Ljava/lang/String;)Ljava/lang/String; @ 86 c2
Event: 49353.586 Thread 0x0000018a3df72000 Uncommon trap: reason=profile_predicate action=maybe_recompile pc=0x0000018a2c0f1a5c method=ch.qos.logback.classic.pattern.TargetLengthBasedClassNameAbbreviator.abbreviate(Ljava/lang/String;)Ljava/lang/String; @ 86 c2
Event: 49353.594 Thread 0x0000018a3df6e000 Uncommon trap: reason=profile_predicate action=maybe_recompile pc=0x0000018a2c0f1a5c method=ch.qos.logback.classic.pattern.TargetLengthBasedClassNameAbbreviator.abbreviate(Ljava/lang/String;)Ljava/lang/String; @ 86 c2
Event: 49353.614 Thread 0x0000018a3df74800 Uncommon trap: reason=profile_predicate action=maybe_recompile pc=0x0000018a2c0f1a5c method=ch.qos.logback.classic.pattern.TargetLengthBasedClassNameAbbreviator.abbreviate(Ljava/lang/String;)Ljava/lang/String; @ 86 c2
Event: 49446.709 Thread 0x0000018a438bd800 Uncommon trap: reason=class_check action=maybe_recompile pc=0x0000018a2bf1b958 method=java.util.HashMap.removeNode(ILjava/lang/Object;Ljava/lang/Object;ZZ)Ljava/util/HashMap$Node; @ 143 c2

Classes redefined (0 events):
No events

Internal exceptions (10 events):
Event: 48370.960 Thread 0x0000018a438c0800 Exception <a 'java/net/SocketException'{0x000000008dcb66a0}: Software caused connection abort: recv failed> (0x000000008dcb66a0) thrown at [./open/src/hotspot/share/prims/jni.cpp, line 632]
Event: 48925.240 Thread 0x0000018a438c1800 Implicit null exception at 0x0000018a2bc21d0a to 0x0000018a2bc223f8
Event: 48925.487 Thread 0x0000018a438c1800 Exception <a 'java/lang/NoSuchMethodError'{0x000000008cc52348}: java.lang.invoke.DirectMethodHandle$Holder.invokeInterface(Ljava/lang/Object;Ljava/lang/Object;I)Ljava/lang/Object;> (0x000000008cc52348) thrown at [./open/src/hotspot/share/interpreter/linkR
Event: 48926.042 Thread 0x0000018a438c1800 Implicit null exception at 0x0000018a2bd984f0 to 0x0000018a2bd9ada8
Event: 48926.042 Thread 0x0000018a438c1800 Implicit null exception at 0x0000018a2bd8708c to 0x0000018a2bd87674
Event: 48926.049 Thread 0x0000018a438c1800 Implicit null exception at 0x0000018a2bcea240 to 0x0000018a2bceac08
Event: 48926.278 Thread 0x0000018a438c1800 Implicit null exception at 0x0000018a2b8d8b4e to 0x0000018a2b8d90e8
Event: 48926.282 Thread 0x0000018a438c1800 Exception <a 'java/lang/NoSuchMethodError'{0x000000008c768058}: java.lang.invoke.DirectMethodHandle$Holder.invokeVirtual(Ljava/lang/Object;Ljava/lang/Object;Ljava/lang/Object;Ljava/lang/Object;Ljava/lang/Object;)Ljava/lang/Object;> (0x000000008c768058) th
Event: 48926.418 Thread 0x0000018a438c1800 Exception <a 'java/lang/NoSuchMethodError'{0x000000008c6d9578}: java.lang.invoke.Invokers$Holder.invoke_MT(Ljava/lang/Object;Ljava/lang/Object;Ljava/lang/Object;Ljava/lang/Object;)V> (0x000000008c6d9578) thrown at [./open/src/hotspot/share/interpreter/lin
Event: 48926.811 Thread 0x0000018a438c1800 Implicit null exception at 0x0000018a2b8ae826 to 0x0000018a2b8aeb9c

Events (10 events):
Event: 49476.189 Executing VM operation: RevokeBias
Event: 49476.189 Executing VM operation: RevokeBias done
Event: 49477.391 Executing VM operation: RevokeBias
Event: 49477.391 Executing VM operation: RevokeBias done
Event: 49478.948 Executing VM operation: RevokeBias
Event: 49478.949 Executing VM operation: RevokeBias done
Event: 49482.135 Executing VM operation: RevokeBias
Event: 49482.135 Executing VM operation: RevokeBias done
Event: 49482.999 Executing VM operation: G1CollectForAllocation
Event: 49483.006 Executing VM operation: G1CollectForAllocation done


Dynamic libraries:
0x00007ff65c0f0000 - 0x00007ff65c0ff000 	C:\Program Files\Java\jdk-11.0.11\bin\java.exe
0x00007fff13b90000 - 0x00007fff13d85000 	C:\Windows\SYSTEM32\ntdll.dll
0x00007fff11dd0000 - 0x00007fff11e8e000 	C:\Windows\System32\KERNEL32.DLL
0x00007fff112b0000 - 0x00007fff11579000 	C:\Windows\System32\KERNELBASE.dll
0x00007fff117c0000 - 0x00007fff118c0000 	C:\Windows\System32\ucrtbase.dll
0x00007ffee8db0000 - 0x00007ffee8dc8000 	C:\Program Files\Java\jdk-11.0.11\bin\jli.dll
0x00007ffee8d90000 - 0x00007ffee8da5000 	C:\Program Files\Java\jdk-11.0.11\bin\VCRUNTIME140.dll
0x00007fff13380000 - 0x00007fff1342c000 	C:\Windows\System32\ADVAPI32.dll
0x00007fff11d20000 - 0x00007fff11dbe000 	C:\Windows\System32\msvcrt.dll
0x00007fff135e0000 - 0x00007fff1367b000 	C:\Windows\System32\sechost.dll
0x00007fff12460000 - 0x00007fff1258a000 	C:\Windows\System32\RPCRT4.dll
0x00007fff12920000 - 0x00007fff12ac1000 	C:\Windows\System32\USER32.dll
0x00007fff11790000 - 0x00007fff117b2000 	C:\Windows\System32\win32u.dll
0x00007fff128f0000 - 0x00007fff1291b000 	C:\Windows\System32\GDI32.dll
0x00007ffeff8f0000 - 0x00007ffeffb8a000 	C:\Windows\WinSxS\amd64_microsoft.windows.common-controls_6595b64144ccf1df_6.0.19041.1110_none_60b5254171f9507e\COMCTL32.dll
0x00007fff11580000 - 0x00007fff1168b000 	C:\Windows\System32\gdi32full.dll
0x00007fff11690000 - 0x00007fff1172d000 	C:\Windows\System32\msvcp_win.dll
0x00007fff04420000 - 0x00007fff0442a000 	C:\Windows\SYSTEM32\VERSION.dll
0x00007fff12ad0000 - 0x00007fff12b00000 	C:\Windows\System32\IMM32.DLL
0x00007ffee8920000 - 0x00007ffee89bb000 	C:\Program Files\Java\jdk-11.0.11\bin\msvcp140.dll
0x00007ffee7cb0000 - 0x00007ffee87ae000 	C:\Program Files\Java\jdk-11.0.11\bin\server\jvm.dll
0x00007fff13680000 - 0x00007fff13688000 	C:\Windows\System32\PSAPI.DLL
0x00007fff0f0e0000 - 0x00007fff0f107000 	C:\Windows\SYSTEM32\WINMM.dll
0x00007ffef09a0000 - 0x00007ffef09a9000 	C:\Windows\SYSTEM32\WSOCK32.dll
0x00007fff13830000 - 0x00007fff1389b000 	C:\Windows\System32\WS2_32.dll
0x00007fff0faf0000 - 0x00007fff0fb02000 	C:\Windows\SYSTEM32\kernel.appcore.dll
0x00007ffeeb780000 - 0x00007ffeeb790000 	C:\Program Files\Java\jdk-11.0.11\bin\verify.dll
0x00007fff0eec0000 - 0x00007fff0f0a4000 	C:\Windows\SYSTEM32\DBGHELP.DLL
0x00007fff0f0b0000 - 0x00007fff0f0dc000 	C:\Windows\SYSTEM32\dbgcore.DLL
0x00007fff11b50000 - 0x00007fff11bd3000 	C:\Windows\System32\bcryptPrimitives.dll
0x00007ffee7a30000 - 0x00007ffee7a58000 	C:\Program Files\Java\jdk-11.0.11\bin\java.dll
0x00007ffee8d80000 - 0x00007ffee8d8a000 	C:\Program Files\Java\jdk-11.0.11\bin\jimage.dll
0x00007fff0d710000 - 0x00007fff0d71e000 	C:\Program Files\Java\jdk-11.0.11\bin\instrument.dll
0x00007ffee7a10000 - 0x00007ffee7a26000 	C:\Program Files\Java\jdk-11.0.11\bin\zip.dll
0x00007fff12c40000 - 0x00007fff1337f000 	C:\Windows\System32\SHELL32.dll
0x00007fff0f350000 - 0x00007fff0fae0000 	C:\Windows\SYSTEM32\windows.storage.dll
0x00007fff12590000 - 0x00007fff128e5000 	C:\Windows\System32\combase.dll
0x00007fff10d00000 - 0x00007fff10d2c000 	C:\Windows\SYSTEM32\Wldp.dll
0x00007fff13780000 - 0x00007fff1382e000 	C:\Windows\System32\SHCORE.dll
0x00007fff139c0000 - 0x00007fff13a15000 	C:\Windows\System32\shlwapi.dll
0x00007fff111f0000 - 0x00007fff1120f000 	C:\Windows\SYSTEM32\profapi.dll
0x00007ffee5e20000 - 0x00007ffee5e39000 	C:\Program Files\Java\jdk-11.0.11\bin\net.dll
0x00007fff0b2c0000 - 0x00007fff0b3c8000 	C:\Windows\SYSTEM32\WINHTTP.dll
0x00007fff10a60000 - 0x00007fff10aca000 	C:\Windows\system32\mswsock.dll
0x00007ffee5e00000 - 0x00007ffee5e12000 	C:\Program Files\Java\jdk-11.0.11\bin\nio.dll
0x00007ffefcd60000 - 0x00007ffefcd7a000 	C:\Program Files\JetBrains\IntelliJ IDEA Community Edition 2021.2\bin\breakgen64.dll
0x00007ffee4e70000 - 0x00007ffee4e79000 	C:\Program Files\Java\jdk-11.0.11\bin\management.dll
0x00007ffedb7c0000 - 0x00007ffedb7cb000 	C:\Program Files\Java\jdk-11.0.11\bin\management_ext.dll
0x00007ffef0840000 - 0x00007ffef0857000 	C:\Windows\system32\napinsp.dll
0x00007ffef0820000 - 0x00007ffef083b000 	C:\Windows\system32\pnrpnsp.dll
0x00007fff0bb80000 - 0x00007fff0bb95000 	C:\Windows\system32\wshbth.dll
0x00007fff0c160000 - 0x00007fff0c17d000 	C:\Windows\system32\NLAapi.dll
0x00007fff106e0000 - 0x00007fff1071b000 	C:\Windows\SYSTEM32\IPHLPAPI.DLL
0x00007fff10720000 - 0x00007fff107ec000 	C:\Windows\SYSTEM32\DNSAPI.dll
0x00007fff13690000 - 0x00007fff13698000 	C:\Windows\System32\NSI.dll
0x00007ffeefd80000 - 0x00007ffeefd92000 	C:\Windows\System32\winrnr.dll
0x00007fff04e40000 - 0x00007fff04e4a000 	C:\Windows\System32\rasadhlp.dll
0x00007ffefdad0000 - 0x00007ffefdb4f000 	C:\Windows\System32\fwpuclnt.dll
0x00007fff11ad0000 - 0x00007fff11af7000 	C:\Windows\System32\bcrypt.dll
0x00007fff10c60000 - 0x00007fff10c78000 	C:\Windows\SYSTEM32\CRYPTSP.dll
0x00007fff10330000 - 0x00007fff10364000 	C:\Windows\system32\rsaenh.dll
0x00007fff11170000 - 0x00007fff1119e000 	C:\Windows\SYSTEM32\USERENV.dll
0x00007fff10c50000 - 0x00007fff10c5c000 	C:\Windows\SYSTEM32\CRYPTBASE.dll
0x00007fff04c60000 - 0x00007fff04c77000 	C:\Windows\SYSTEM32\dhcpcsvc6.DLL
0x00007fff04c40000 - 0x00007fff04c5d000 	C:\Windows\SYSTEM32\dhcpcsvc.DLL
0x00007ffee4320000 - 0x00007ffee432d000 	C:\Program Files\Java\jdk-11.0.11\bin\sunmscapi.dll
0x00007fff118c0000 - 0x00007fff11a16000 	C:\Windows\System32\CRYPT32.dll
0x00007fff10d70000 - 0x00007fff10d97000 	C:\Windows\SYSTEM32\ncrypt.dll
0x00007fff10d30000 - 0x00007fff10d6b000 	C:\Windows\SYSTEM32\NTASN1.dll
0x00007ffee42f0000 - 0x00007ffee4315000 	C:\Program Files\Java\jdk-11.0.11\bin\sunec.dll

dbghelp: loaded successfully - version: 4.0.5 - missing functions: none
symbol engine: initialized successfully - sym options: 0x614 - pdb path: .;C:\Program Files\Java\jdk-11.0.11\bin;C:\Windows\SYSTEM32;C:\Windows\WinSxS\amd64_microsoft.windows.common-controls_6595b64144ccf1df_6.0.19041.1110_none_60b5254171f9507e;C:\Program Files\Java\jdk-11.0.11\bin\server;C:\Program Files\JetBrains\IntelliJ IDEA Community Edition 2021.2\bin

VM Arguments:
jvm_args: -javaagent:C:\Program Files\JetBrains\IntelliJ IDEA Community Edition 2021.2\lib\idea_rt.jar=58487:C:\Program Files\JetBrains\IntelliJ IDEA Community Edition 2021.2\bin -Dfile.encoding=UTF-8 
java_command: com.delta.document.DocumentServiceApplicationKt
java_class_path (initial): C:\Users\Aniruddha\AxisTraining\insurancekotlin\insurance\document-service\target\classes;C:\Users\Aniruddha\.m2\repository\org\springdoc\springdoc-openapi-ui\1.5.10\springdoc-openapi-ui-1.5.10.jar;C:\Users\Aniruddha\.m2\repository\org\springdoc\springdoc-openapi-webmvc-core\1.5.10\springdoc-openapi-webmvc-core-1.5.10.jar;C:\Users\Aniruddha\.m2\repository\org\springdoc\springdoc-openapi-common\1.5.10\springdoc-openapi-common-1.5.10.jar;C:\Users\Aniruddha\.m2\repository\io\swagger\core\v3\swagger-models\2.1.10\swagger-models-2.1.10.jar;C:\Users\Aniruddha\.m2\repository\io\swagger\core\v3\swagger-annotations\2.1.10\swagger-annotations-2.1.10.jar;C:\Users\Aniruddha\.m2\repository\io\swagger\core\v3\swagger-integration\2.1.10\swagger-integration-2.1.10.jar;C:\Users\Aniruddha\.m2\repository\io\swagger\core\v3\swagger-core\2.1.10\swagger-core-2.1.10.jar;C:\Users\Aniruddha\.m2\repository\com\fasterxml\jackson\dataformat\jackson-dataformat-yaml\2.12.4\jackson-dataformat-yaml-2.12.4.jar;C:\Users\Aniruddha\.m2\repository\io\github\classgraph\classgraph\4.8.69\classgraph-4.8.69.jar;C:\Users\Aniruddha\.m2\repository\org\apache\commons\commons-lang3\3.12.0\commons-lang3-3.12.0.jar;C:\Users\Aniruddha\.m2\repository\org\webjars\swagger-ui\3.51.1\swagger-ui-3.51.1.jar;C:\Users\Aniruddha\.m2\repository\org\webjars\webjars-locator-core\0.46\webjars-locator-core-0.46.jar;C:\Users\Aniruddha\.m2\repository\com\fasterxml\jackson\core\jackson-core\2.12.4\jackson-core-2.12.4.jar;C:\Users\Aniruddha\.m2\repository\org\springframework\boot\spring-boot-starter-data-jpa\2.5.4\spring-boot-starter-data-jpa-2.5.4.jar;C:\Users\Aniruddha\.m2\repository\org\springframework\boot\spring-boot-starter-aop\2.5.4\spring-boot-starter-aop-2.5.4.jar;C:\Users\Aniruddha\.m2\repository\org\aspectj\aspectjweaver\1.9.7\aspectjweaver-1.9.7.jar;C:\Users\Aniruddha\.m2\repository\org\springframework\boot\spring-boot-starter-jdbc\2.5.4\spring-boot-starter-jdbc-2.5.4.jar;C:\Users\Aniruddha\.
Launcher Type: SUN_STANDARD

[Global flags]
     intx CICompilerCount                          = 4                                         {product} {ergonomic}
     uint ConcGCThreads                            = 2                                         {product} {ergonomic}
     uint G1ConcRefinementThreads                  = 8                                         {product} {ergonomic}
   size_t G1HeapRegionSize                         = 1048576                                   {product} {ergonomic}
    uintx GCDrainStackTargetSize                   = 64                                        {product} {ergonomic}
   size_t InitialHeapSize                          = 130023424                                 {product} {ergonomic}
   size_t MarkStackSize                            = 4194304                                   {product} {ergonomic}
   size_t MaxHeapSize                              = 2076180480                                {product} {ergonomic}
   size_t MaxNewSize                               = 1245708288                                {product} {ergonomic}
   size_t MinHeapDeltaBytes                        = 1048576                                   {product} {ergonomic}
    uintx NonNMethodCodeHeapSize                   = 5836300                                {pd product} {ergonomic}
    uintx NonProfiledCodeHeapSize                  = 122910970                              {pd product} {ergonomic}
    uintx ProfiledCodeHeapSize                     = 122910970                              {pd product} {ergonomic}
    uintx ReservedCodeCacheSize                    = 251658240                              {pd product} {ergonomic}
     bool SegmentedCodeCache                       = true                                      {product} {ergonomic}
     bool UseCompressedClassPointers               = true                                 {lp64_product} {ergonomic}
     bool UseCompressedOops                        = true                                 {lp64_product} {ergonomic}
     bool UseG1GC                                  = true                                      {product} {ergonomic}
     bool UseLargePagesIndividualAllocation        = false                                  {pd product} {ergonomic}

Logging:
Log output configuration:
 #0: stdout all=warning uptime,level,tags
 #1: stderr all=off uptime,level,tags

Environment Variables:
JAVA_HOME=C:\Program Files\Java\jdk-11.0.11
PATH=C:\Program Files\Common Files\Oracle\Java\javapath;C:\Program Files (x86)\Common Files\Oracle\Java\javapath;C:\Windows\system32;C:\Windows;C:\Windows\System32\Wbem;C:\Windows\System32\WindowsPowerShell\v1.0\;C:\Windows\System32\OpenSSH\;C:\Program Files\nodejs\;C:\Program Files\Git\cmd;C:\Program Files\Amazon\AWSCLIV2\;C:\Program Files\Java\jdk1.8.0_301\bin;C:\apache-maven-3.8.1-bin\apache-maven-3.8.1\bin;C:\Program Files\Java\jdk-11.0.11\bin;C:\Program Files\Amazon\AWSSAMCLI\bin\;C:\Users\Aniruddha\openssl;C:\Users\Aniruddha\sonarqube-9.0.0.45539\sonarqube-9.0.0.45539\bin;C:\Users\Aniruddha\elk\elasticsearch-7.13.4\bin;C:\Users\Aniruddha\elk\kibana-7.13.4-windows-x86_64\bin;C:\Users\Aniruddha\elk\logstash-7.13.4\bin;C:\HashiCorp\Vagrant\bin;C:\Program Files\Docker\Docker\resources\bin;C:\ProgramData\DockerDesktop\version-bin;C:\HashiCorp\Vagrant\bin;C:\Program Files\MySQL\MySQL Shell 8.0\bin\;C:\Users\Aniruddha\AppData\Local\Microsoft\WindowsApps;C:\Users\Aniruddha\AppData\Local\Programs\Microsoft VS Code\bin;C:\Program Files\MongoDB\Server\4.4\bin;C:\Users\Aniruddha\AppData\Roaming\npm;C:\apache-maven-3.8.1-bin\apache-maven-3.8.1\bin;C:\Users\Aniruddha\AppData\Local\GitHubDesktop\bin;C:\Program Files\JetBrains\IntelliJ IDEA Community Edition 2021.2\bin;;C:\Program Files\Java\jdk-11.0.11\bin;C:\Program Files\Java\jdk1.8.0_301\bin;
USERNAME=Aniruddha
OS=Windows_NT
PROCESSOR_IDENTIFIER=Intel64 Family 6 Model 140 Stepping 1, GenuineIntel



---------------  S Y S T E M  ---------------

OS: Windows 10 , 64 bit Build 19041 (10.0.19041.1202)
Hyper-V role detected

CPU:total 8 (initial active 8) (4 cores per cpu, 2 threads per core) family 6 model 140 stepping 1 microcode 0x86, cmov, cx8, fxsr, mmx, sse, sse2, sse3, ssse3, sse4.1, sse4.2, popcnt, avx, avx2, aes, clmul, erms, 3dnowpref, lzcnt, ht, tsc, tscinvbit, bmi1, bmi2, adx, evex, sha, fma

Memory: 4k page, system-wide physical 7914M (127M free)
TotalPageFile size 32490M (AvailPageFile size 2M)
current process WorkingSet (physical memory assigned to process): 200M, peak: 423M
current process commit charge ("private bytes"): 492M, peak: 501M

vm_info: Java HotSpot(TM) 64-Bit Server VM (11.0.11+9-LTS-194) for windows-amd64 JRE (11.0.11+9-LTS-194), built on Mar 18 2021 18:46:53 by "mach5one" with MS VC++ 15.9 (VS2017)

END.
